<?xml version="1.0" encoding="UTF-8"?>
<coverage generated="1522693676">
  <project timestamp="1522693676">
    <package name="Seeren\Database\Dal">
      <file name="C:\xampp\htdocs\dev-master.seeren\database\src/Dal/Dal.php">
        <class name="Seeren\Database\Dal\Dal" namespace="Seeren\Database\Dal" fullPackage="Database.Dal" category="Seeren" package="Database" subpackage="Dal">
          <metrics complexity="12" methods="5" coveredmethods="5" conditionals="0" coveredconditionals="0" statements="21" coveredstatements="21" elements="26" coveredelements="26"/>
        </class>
        <line num="50" type="method" name="__construct" visibility="public" complexity="4" crap="4" count="37"/>
        <line num="52" type="stmt" count="37"/>
        <line num="53" type="stmt" count="37"/>
        <line num="54" type="stmt" count="13"/>
        <line num="55" type="stmt" count="13"/>
        <line num="58" type="stmt" count="37"/>
        <line num="67" type="method" name="getLayer" visibility="public" complexity="2" crap="2" count="21"/>
        <line num="69" type="stmt" count="21"/>
        <line num="70" type="stmt" count="2"/>
        <line num="72" type="stmt" count="19"/>
        <line num="81" type="method" name="setLayer" visibility="public" complexity="1" crap="1" count="31"/>
        <line num="83" type="stmt" count="31"/>
        <line num="84" type="stmt" count="31"/>
        <line num="95" type="method" name="query" visibility="public" complexity="2" crap="2" count="9"/>
        <line num="100" type="stmt" count="9"/>
        <line num="101" type="stmt" count="4"/>
        <line num="102" type="stmt" count="5"/>
        <line num="103" type="stmt" count="5"/>
        <line num="115" type="method" name="getObject" visibility="public" complexity="3" crap="3" count="12"/>
        <line num="118" type="stmt" count="12"/>
        <line num="119" type="stmt" count="7"/>
        <line num="121" type="stmt" count="7"/>
        <line num="122" type="stmt" count="7"/>
        <line num="123" type="stmt" count="5"/>
        <line num="124" type="stmt" count="5"/>
        <line num="125" type="stmt" count="5"/>
        <metrics loc="129" ncloc="68" classes="1" methods="5" coveredmethods="5" conditionals="0" coveredconditionals="0" statements="21" coveredstatements="21" elements="26" coveredelements="26"/>
      </file>
    </package>
    <file name="C:\xampp\htdocs\dev-master.seeren\database\src/Dal/DalInterface.php">
      <metrics loc="116" ncloc="34" classes="0" methods="0" coveredmethods="0" conditionals="0" coveredconditionals="0" statements="0" coveredstatements="0" elements="0" coveredelements="0"/>
    </file>
    <package name="Seeren\Database\Dal\MySql">
      <file name="C:\xampp\htdocs\dev-master.seeren\database\src/Dal/MySql/MySqlDal.php">
        <class name="Seeren\Database\Dal\MySql\MySqlDal" namespace="Seeren\Database\Dal\MySql" fullPackage="Database.Dal" category="Seeren" package="Database" subpackage="Dal">
          <metrics complexity="1" methods="1" coveredmethods="1" conditionals="0" coveredconditionals="0" statements="13" coveredstatements="13" elements="14" coveredelements="14"/>
        </class>
        <line num="46" type="method" name="__construct" visibility="public" complexity="1" crap="1" count="13"/>
        <line num="48" type="stmt" count="13"/>
        <line num="49" type="stmt" count="13"/>
        <line num="50" type="stmt" count="13"/>
        <line num="51" type="stmt" count="13"/>
        <line num="52" type="stmt" count="13"/>
        <line num="53" type="stmt" count="13"/>
        <line num="54" type="stmt" count="13"/>
        <line num="55" type="stmt" count="13"/>
        <line num="56" type="stmt" count="13"/>
        <line num="57" type="stmt" count="13"/>
        <line num="58" type="stmt" count="13"/>
        <line num="59" type="stmt" count="13"/>
        <line num="61" type="stmt" count="13"/>
        <metrics loc="63" ncloc="39" classes="1" methods="1" coveredmethods="1" conditionals="0" coveredconditionals="0" statements="13" coveredstatements="13" elements="14" coveredelements="14"/>
      </file>
    </package>
    <package name="Seeren\Database\Dao">
      <file name="C:\xampp\htdocs\dev-master.seeren\database\src/Dao/AbstractDao.php">
        <class name="Seeren\Database\Dao\AbstractDao" namespace="Seeren\Database\Dao" fullPackage="Database.Dao" category="Seeren" package="Database" subpackage="Dao">
          <metrics complexity="11" methods="7" coveredmethods="7" conditionals="0" coveredconditionals="0" statements="13" coveredstatements="13" elements="20" coveredelements="20"/>
        </class>
        <line num="62" type="method" name="__construct" visibility="protected" complexity="1" crap="1" count="78"/>
        <line num="64" type="stmt" count="78"/>
        <line num="65" type="stmt" count="78"/>
        <line num="66" type="stmt" count="78"/>
        <line num="74" type="method" name="constant" visibility="protected" complexity="2" crap="2" count="5"/>
        <line num="76" type="stmt" count="5"/>
        <line num="77" type="stmt" count="5"/>
        <line num="87" type="method" name="query" visibility="public" complexity="1" crap="1" count="19"/>
        <line num="91" type="stmt" count="19"/>
        <line num="92" type="stmt" count="19"/>
        <line num="93" type="stmt" count="16"/>
        <line num="101" type="method" name="close" visibility="public" complexity="1" crap="1" count="19"/>
        <line num="103" type="stmt" count="19"/>
        <line num="104" type="stmt" count="19"/>
        <line num="112" type="method" name="clone" visibility="public" complexity="1" crap="1" count="18"/>
        <line num="114" type="stmt" count="18"/>
        <line num="122" type="method" name="__toString" visibility="public" complexity="1" crap="1" count="13"/>
        <line num="124" type="stmt" count="13"/>
        <line num="133" type="method" name="__get" visibility="public" complexity="2" crap="2" count="47"/>
        <line num="135" type="stmt" count="47"/>
        <metrics loc="138" ncloc="61" classes="1" methods="7" coveredmethods="7" conditionals="0" coveredconditionals="0" statements="13" coveredstatements="13" elements="20" coveredelements="20"/>
      </file>
    </package>
    <file name="C:\xampp\htdocs\dev-master.seeren\database\src/Dao/DaoInterface.php">
      <metrics loc="84" ncloc="27" classes="0" methods="0" coveredmethods="0" conditionals="0" coveredconditionals="0" statements="0" coveredstatements="0" elements="0" coveredelements="0"/>
    </file>
    <package name="Seeren\Database\Dao\MySql">
      <file name="C:\xampp\htdocs\dev-master.seeren\database\src/Dao/MySql/AbstractMySqlDao.php">
        <class name="Seeren\Database\Dao\MySql\AbstractMySqlDao" namespace="Seeren\Database\Dao\MySql" fullPackage="Database.Dao" category="Seeren" package="Database" subpackage="Dao">
          <metrics complexity="13" methods="5" coveredmethods="5" conditionals="0" coveredconditionals="0" statements="36" coveredstatements="36" elements="41" coveredelements="41"/>
        </class>
        <line num="55" type="method" name="__construct" visibility="protected" complexity="1" crap="1" count="35"/>
        <line num="57" type="stmt" count="35"/>
        <line num="58" type="stmt" count="35"/>
        <line num="59" type="stmt" count="35"/>
        <line num="60" type="stmt" count="35"/>
        <line num="70" type="method" name="setParam" visibility="protected" complexity="2" crap="2" count="3"/>
        <line num="72" type="stmt" count="3"/>
        <line num="73" type="stmt" count="3"/>
        <line num="75" type="stmt" count="3"/>
        <line num="76" type="stmt" count="3"/>
        <line num="77" type="stmt" count="3"/>
        <line num="85" type="method" name="bindParam" visibility="protected" complexity="2" crap="2" count="10"/>
        <line num="87" type="stmt" count="10"/>
        <line num="88" type="stmt" count="3"/>
        <line num="90" type="stmt" count="10"/>
        <line num="98" type="method" name="getClause" visibility="protected" complexity="7" crap="7" count="11"/>
        <line num="100" type="stmt" count="11"/>
        <line num="101" type="stmt" count="11"/>
        <line num="102" type="stmt" count="11"/>
        <line num="103" type="stmt" count="3"/>
        <line num="104" type="stmt" count="3"/>
        <line num="105" type="stmt" count="3"/>
        <line num="106" type="stmt" count="3"/>
        <line num="107" type="stmt" count="2"/>
        <line num="108" type="stmt" count="1"/>
        <line num="109" type="stmt" count="2"/>
        <line num="110" type="stmt" count="2"/>
        <line num="111" type="stmt" count="1"/>
        <line num="112" type="stmt" count="1"/>
        <line num="113" type="stmt" count="2"/>
        <line num="114" type="stmt" count="2"/>
        <line num="115" type="stmt" count="2"/>
        <line num="116" type="stmt" count="2"/>
        <line num="117" type="stmt" count="2"/>
        <line num="118" type="stmt" count="3"/>
        <line num="121" type="stmt" count="11"/>
        <line num="129" type="method" name="close" visibility="public" complexity="1" crap="1" count="9"/>
        <line num="131" type="stmt" count="9"/>
        <line num="132" type="stmt" count="9"/>
        <line num="133" type="stmt" count="9"/>
        <line num="134" type="stmt" count="9"/>
        <metrics loc="136" ncloc="77" classes="1" methods="5" coveredmethods="5" conditionals="0" coveredconditionals="0" statements="36" coveredstatements="36" elements="41" coveredelements="41"/>
      </file>
      <file name="C:\xampp\htdocs\dev-master.seeren\database\src/Dao/MySql/CountMySqlDao.php">
        <class name="Seeren\Database\Dao\MySql\CountMySqlDao" namespace="Seeren\Database\Dao\MySql" fullPackage="Database.Dao" category="Seeren" package="Database" subpackage="Dao">
          <metrics complexity="6" methods="3" coveredmethods="3" conditionals="0" coveredconditionals="0" statements="11" coveredstatements="11" elements="14" coveredelements="14"/>
        </class>
        <line num="37" type="method" name="__construct" visibility="public" complexity="1" crap="1" count="9"/>
        <line num="39" type="stmt" count="9"/>
        <line num="40" type="stmt" count="9"/>
        <line num="48" type="method" name="getSyntax" visibility="protected" complexity="2" crap="2" count="3"/>
        <line num="51" type="stmt" count="3"/>
        <line num="52" type="stmt" count="3"/>
        <line num="53" type="stmt" count="3"/>
        <line num="62" type="method" name="execute" visibility="protected" complexity="3" crap="3" count="3"/>
        <line num="64" type="stmt" count="3"/>
        <line num="65" type="stmt" count="3"/>
        <line num="66" type="stmt" count="3"/>
        <line num="68" type="stmt" count="3"/>
        <line num="69" type="stmt" count="3"/>
        <line num="70" type="stmt" count="3"/>
        <metrics loc="72" ncloc="36" classes="1" methods="3" coveredmethods="3" conditionals="0" coveredconditionals="0" statements="11" coveredstatements="11" elements="14" coveredelements="14"/>
      </file>
      <file name="C:\xampp\htdocs\dev-master.seeren\database\src/Dao/MySql/CreateDbMySqlDao.php">
        <class name="Seeren\Database\Dao\MySql\CreateDbMySqlDao" namespace="Seeren\Database\Dao\MySql" fullPackage="Database.Dao" category="Seeren" package="Database" subpackage="Dao">
          <metrics complexity="6" methods="4" coveredmethods="4" conditionals="0" coveredconditionals="0" statements="13" coveredstatements="13" elements="17" coveredelements="17"/>
        </class>
        <line num="40" type="method" name="__construct" visibility="public" complexity="1" crap="1" count="8"/>
        <line num="42" type="stmt" count="8"/>
        <line num="43" type="stmt" count="8"/>
        <line num="51" type="method" name="getSyntax" visibility="protected" complexity="1" crap="1" count="1"/>
        <line num="54" type="stmt" count="1"/>
        <line num="63" type="method" name="execute" visibility="protected" complexity="1" crap="1" count="1"/>
        <line num="65" type="stmt" count="1"/>
        <line num="66" type="stmt" count="1"/>
        <line num="67" type="stmt" count="1"/>
        <line num="78" type="method" name="query" visibility="public" complexity="3" crap="3" count="3"/>
        <line num="82" type="stmt" count="3"/>
        <line num="83" type="stmt" count="1"/>
        <line num="84" type="stmt" count="1"/>
        <line num="85" type="stmt" count="2"/>
        <line num="86" type="stmt" count="1"/>
        <line num="87" type="stmt" count="1"/>
        <line num="89" type="stmt" count="1"/>
        <metrics loc="92" ncloc="47" classes="1" methods="4" coveredmethods="4" conditionals="0" coveredconditionals="0" statements="13" coveredstatements="13" elements="17" coveredelements="17"/>
      </file>
      <file name="C:\xampp\htdocs\dev-master.seeren\database\src/Dao/MySql/CreateMySqlDao.php">
        <class name="Seeren\Database\Dao\MySql\CreateMySqlDao" namespace="Seeren\Database\Dao\MySql" fullPackage="Database.Dao" category="Seeren" package="Database" subpackage="Dao">
          <metrics complexity="19" methods="8" coveredmethods="8" conditionals="0" coveredconditionals="0" statements="50" coveredstatements="50" elements="58" coveredelements="58"/>
        </class>
        <line num="39" type="method" name="__construct" visibility="public" complexity="1" crap="1" count="7"/>
        <line num="41" type="stmt" count="7"/>
        <line num="42" type="stmt" count="7"/>
        <line num="50" type="method" name="constraint" visibility="private" complexity="7" crap="7" count="2"/>
        <line num="52" type="stmt" count="2"/>
        <line num="53" type="stmt" count="2"/>
        <line num="54" type="stmt" count="2"/>
        <line num="55" type="stmt" count="2"/>
        <line num="56" type="stmt" count="2"/>
        <line num="57" type="stmt" count="2"/>
        <line num="58" type="stmt" count="2"/>
        <line num="59" type="stmt" count="2"/>
        <line num="60" type="stmt" count="2"/>
        <line num="61" type="stmt" count="2"/>
        <line num="64" type="stmt" count="2"/>
        <line num="66" type="stmt" count="1"/>
        <line num="68" type="stmt" count="2"/>
        <line num="69" type="stmt" count="2"/>
        <line num="70" type="stmt" count="2"/>
        <line num="71" type="stmt" count="2"/>
        <line num="73" type="stmt" count="2"/>
        <line num="83" type="method" name="addAutoIncrement" visibility="private" complexity="3" crap="3" count="2"/>
        <line num="85" type="stmt" count="2"/>
        <line num="86" type="stmt" count="2"/>
        <line num="87" type="stmt" count="2"/>
        <line num="88" type="stmt" count="2"/>
        <line num="90" type="stmt" count="1"/>
        <line num="91" type="stmt" count="1"/>
        <line num="93" type="stmt" count="2"/>
        <line num="103" type="method" name="addKey" visibility="private" complexity="1" crap="1" count="2"/>
        <line num="105" type="stmt" count="2"/>
        <line num="106" type="stmt" count="2"/>
        <line num="107" type="stmt" count="2"/>
        <line num="117" type="method" name="addForeign" visibility="private" complexity="1" crap="1" count="1"/>
        <line num="119" type="stmt" count="1"/>
        <line num="120" type="stmt" count="1"/>
        <line num="121" type="stmt" count="1"/>
        <line num="122" type="stmt" count="1"/>
        <line num="123" type="stmt" count="1"/>
        <line num="132" type="method" name="getColumnSyntaxe" visibility="private" complexity="3" crap="3" count="2"/>
        <line num="134" type="stmt" count="2"/>
        <line num="135" type="stmt" count="2"/>
        <line num="136" type="stmt" count="2"/>
        <line num="137" type="stmt" count="2"/>
        <line num="138" type="stmt" count="2"/>
        <line num="139" type="stmt" count="2"/>
        <line num="141" type="stmt" count="2"/>
        <line num="150" type="method" name="getSyntax" visibility="protected" complexity="2" crap="2" count="2"/>
        <line num="152" type="stmt" count="2"/>
        <line num="153" type="stmt" count="2"/>
        <line num="154" type="stmt" count="2"/>
        <line num="155" type="stmt" count="2"/>
        <line num="157" type="stmt" count="2"/>
        <line num="158" type="stmt" count="2"/>
        <line num="167" type="method" name="execute" visibility="protected" complexity="1" crap="1" count="2"/>
        <line num="169" type="stmt" count="2"/>
        <line num="170" type="stmt" count="2"/>
        <line num="171" type="stmt" count="2"/>
        <metrics loc="173" ncloc="104" classes="1" methods="8" coveredmethods="8" conditionals="0" coveredconditionals="0" statements="50" coveredstatements="50" elements="58" coveredelements="58"/>
      </file>
      <file name="C:\xampp\htdocs\dev-master.seeren\database\src/Dao/MySql/DeleteMySqlDao.php">
        <class name="Seeren\Database\Dao\MySql\DeleteMySqlDao" namespace="Seeren\Database\Dao\MySql" fullPackage="Database.Dao" category="Seeren" package="Database" subpackage="Dao">
          <metrics complexity="8" methods="4" coveredmethods="4" conditionals="0" coveredconditionals="0" statements="14" coveredstatements="14" elements="18" coveredelements="18"/>
        </class>
        <line num="38" type="method" name="__construct" visibility="public" complexity="1" crap="1" count="8"/>
        <line num="40" type="stmt" count="8"/>
        <line num="41" type="stmt" count="8"/>
        <line num="49" type="method" name="getSyntax" visibility="protected" complexity="2" crap="2" count="2"/>
        <line num="51" type="stmt" count="2"/>
        <line num="52" type="stmt" count="2"/>
        <line num="61" type="method" name="execute" visibility="protected" complexity="3" crap="3" count="2"/>
        <line num="63" type="stmt" count="2"/>
        <line num="64" type="stmt" count="2"/>
        <line num="65" type="stmt" count="2"/>
        <line num="67" type="stmt" count="2"/>
        <line num="68" type="stmt" count="2"/>
        <line num="69" type="stmt" count="2"/>
        <line num="80" type="method" name="query" visibility="public" complexity="2" crap="2" count="3"/>
        <line num="84" type="stmt" count="3"/>
        <line num="85" type="stmt" count="1"/>
        <line num="86" type="stmt" count="1"/>
        <line num="88" type="stmt" count="2"/>
        <metrics loc="91" ncloc="46" classes="1" methods="4" coveredmethods="4" conditionals="0" coveredconditionals="0" statements="14" coveredstatements="14" elements="18" coveredelements="18"/>
      </file>
      <file name="C:\xampp\htdocs\dev-master.seeren\database\src/Dao/MySql/DropDbMySqlDao.php">
        <class name="Seeren\Database\Dao\MySql\DropDbMySqlDao" namespace="Seeren\Database\Dao\MySql" fullPackage="Database.Dao" category="Seeren" package="Database" subpackage="Dao">
          <metrics complexity="6" methods="4" coveredmethods="4" conditionals="0" coveredconditionals="0" statements="13" coveredstatements="13" elements="17" coveredelements="17"/>
        </class>
        <line num="40" type="method" name="__construct" visibility="public" complexity="1" crap="1" count="8"/>
        <line num="42" type="stmt" count="8"/>
        <line num="43" type="stmt" count="8"/>
        <line num="51" type="method" name="getSyntax" visibility="protected" complexity="1" crap="1" count="1"/>
        <line num="54" type="stmt" count="1"/>
        <line num="63" type="method" name="execute" visibility="protected" complexity="1" crap="1" count="1"/>
        <line num="65" type="stmt" count="1"/>
        <line num="66" type="stmt" count="1"/>
        <line num="67" type="stmt" count="1"/>
        <line num="78" type="method" name="query" visibility="public" complexity="3" crap="3" count="3"/>
        <line num="82" type="stmt" count="3"/>
        <line num="83" type="stmt" count="1"/>
        <line num="84" type="stmt" count="1"/>
        <line num="85" type="stmt" count="2"/>
        <line num="86" type="stmt" count="1"/>
        <line num="87" type="stmt" count="1"/>
        <line num="89" type="stmt" count="1"/>
        <metrics loc="92" ncloc="47" classes="1" methods="4" coveredmethods="4" conditionals="0" coveredconditionals="0" statements="13" coveredstatements="13" elements="17" coveredelements="17"/>
      </file>
      <file name="C:\xampp\htdocs\dev-master.seeren\database\src/Dao/MySql/DropMySqlDao.php">
        <class name="Seeren\Database\Dao\MySql\DropMySqlDao" namespace="Seeren\Database\Dao\MySql" fullPackage="Database.Dao" category="Seeren" package="Database" subpackage="Dao">
          <metrics complexity="3" methods="3" coveredmethods="3" conditionals="0" coveredconditionals="0" statements="6" coveredstatements="6" elements="9" coveredelements="9"/>
        </class>
        <line num="37" type="method" name="__construct" visibility="public" complexity="1" crap="1" count="6"/>
        <line num="39" type="stmt" count="6"/>
        <line num="40" type="stmt" count="6"/>
        <line num="48" type="method" name="getSyntax" visibility="protected" complexity="1" crap="1" count="1"/>
        <line num="50" type="stmt" count="1"/>
        <line num="59" type="method" name="execute" visibility="protected" complexity="1" crap="1" count="1"/>
        <line num="61" type="stmt" count="1"/>
        <line num="62" type="stmt" count="1"/>
        <line num="63" type="stmt" count="1"/>
        <metrics loc="65" ncloc="29" classes="1" methods="3" coveredmethods="3" conditionals="0" coveredconditionals="0" statements="6" coveredstatements="6" elements="9" coveredelements="9"/>
      </file>
      <file name="C:\xampp\htdocs\dev-master.seeren\database\src/Dao/MySql/InsertMySqlDao.php">
        <class name="Seeren\Database\Dao\MySql\InsertMySqlDao" namespace="Seeren\Database\Dao\MySql" fullPackage="Database.Dao" category="Seeren" package="Database" subpackage="Dao">
          <metrics complexity="8" methods="3" coveredmethods="3" conditionals="0" coveredconditionals="0" statements="21" coveredstatements="21" elements="24" coveredelements="24"/>
        </class>
        <line num="37" type="method" name="__construct" visibility="public" complexity="1" crap="1" count="6"/>
        <line num="39" type="stmt" count="6"/>
        <line num="40" type="stmt" count="6"/>
        <line num="48" type="method" name="getSyntax" visibility="protected" complexity="4" crap="4" count="1"/>
        <line num="50" type="stmt" count="1"/>
        <line num="51" type="stmt" count="1"/>
        <line num="52" type="stmt" count="1"/>
        <line num="53" type="stmt" count="1"/>
        <line num="54" type="stmt" count="1"/>
        <line num="55" type="stmt" count="1"/>
        <line num="56" type="stmt" count="1"/>
        <line num="57" type="stmt" count="1"/>
        <line num="61" type="stmt" count="1"/>
        <line num="62" type="stmt" count="1"/>
        <line num="63" type="stmt" count="1"/>
        <line num="64" type="stmt" count="1"/>
        <line num="65" type="stmt" count="1"/>
        <line num="74" type="method" name="execute" visibility="protected" complexity="3" crap="3" count="1"/>
        <line num="76" type="stmt" count="1"/>
        <line num="77" type="stmt" count="1"/>
        <line num="78" type="stmt" count="1"/>
        <line num="80" type="stmt" count="1"/>
        <line num="81" type="stmt" count="1"/>
        <line num="82" type="stmt" count="1"/>
        <metrics loc="84" ncloc="48" classes="1" methods="3" coveredmethods="3" conditionals="0" coveredconditionals="0" statements="21" coveredstatements="21" elements="24" coveredelements="24"/>
      </file>
      <file name="C:\xampp\htdocs\dev-master.seeren\database\src/Dao/MySql/OpenMySqlDao.php">
        <class name="Seeren\Database\Dao\MySql\OpenMySqlDao" namespace="Seeren\Database\Dao\MySql" fullPackage="Database.Dao" category="Seeren" package="Database" subpackage="Dao">
          <metrics complexity="6" methods="4" coveredmethods="3" conditionals="0" coveredconditionals="0" statements="18" coveredstatements="16" elements="22" coveredelements="19"/>
        </class>
        <line num="41" type="method" name="__construct" visibility="public" complexity="1" crap="1" count="12"/>
        <line num="43" type="stmt" count="12"/>
        <line num="44" type="stmt" count="12"/>
        <line num="52" type="method" name="getSyntax" visibility="protected" complexity="2" crap="2" count="2"/>
        <line num="54" type="stmt" count="2"/>
        <line num="55" type="stmt" count="2"/>
        <line num="56" type="stmt" count="1"/>
        <line num="57" type="stmt" count="2"/>
        <line num="58" type="stmt" count="2"/>
        <line num="68" type="method" name="execute" visibility="protected" complexity="1" crap="1.02" count="2"/>
        <line num="70" type="stmt" count="2"/>
        <line num="71" type="stmt" count="2"/>
        <line num="72" type="stmt" count="2"/>
        <line num="73" type="stmt" count="2"/>
        <line num="75" type="stmt" count="2"/>
        <line num="78" type="stmt" count="0"/>
        <line num="79" type="stmt" count="0"/>
        <line num="90" type="method" name="query" visibility="public" complexity="2" crap="2" count="3"/>
        <line num="94" type="stmt" count="3"/>
        <line num="95" type="stmt" count="1"/>
        <line num="96" type="stmt" count="1"/>
        <line num="98" type="stmt" count="2"/>
        <metrics loc="101" ncloc="55" classes="1" methods="4" coveredmethods="3" conditionals="0" coveredconditionals="0" statements="18" coveredstatements="16" elements="22" coveredelements="19"/>
      </file>
      <file name="C:\xampp\htdocs\dev-master.seeren\database\src/Dao/MySql/SelectMySqlDao.php">
        <class name="Seeren\Database\Dao\MySql\SelectMySqlDao" namespace="Seeren\Database\Dao\MySql" fullPackage="Database.Dao" category="Seeren" package="Database" subpackage="Dao">
          <metrics complexity="11" methods="3" coveredmethods="3" conditionals="0" coveredconditionals="0" statements="21" coveredstatements="21" elements="24" coveredelements="24"/>
        </class>
        <line num="37" type="method" name="__construct" visibility="public" complexity="1" crap="1" count="10"/>
        <line num="39" type="stmt" count="10"/>
        <line num="40" type="stmt" count="10"/>
        <line num="48" type="method" name="getSyntax" visibility="protected" complexity="5" crap="5" count="5"/>
        <line num="50" type="stmt" count="5"/>
        <line num="51" type="stmt" count="5"/>
        <line num="52" type="stmt" count="5"/>
        <line num="53" type="stmt" count="5"/>
        <line num="56" type="stmt" count="5"/>
        <line num="57" type="stmt" count="5"/>
        <line num="58" type="stmt" count="5"/>
        <line num="59" type="stmt" count="5"/>
        <line num="69" type="method" name="execute" visibility="protected" complexity="5" crap="5" count="5"/>
        <line num="71" type="stmt" count="5"/>
        <line num="72" type="stmt" count="5"/>
        <line num="73" type="stmt" count="4"/>
        <line num="74" type="stmt" count="4"/>
        <line num="76" type="stmt" count="4"/>
        <line num="77" type="stmt" count="4"/>
        <line num="78" type="stmt" count="4"/>
        <line num="79" type="stmt" count="4"/>
        <line num="80" type="stmt" count="4"/>
        <line num="81" type="stmt" count="4"/>
        <line num="84" type="stmt" count="4"/>
        <metrics loc="86" ncloc="49" classes="1" methods="3" coveredmethods="3" conditionals="0" coveredconditionals="0" statements="21" coveredstatements="21" elements="24" coveredelements="24"/>
      </file>
      <file name="C:\xampp\htdocs\dev-master.seeren\database\src/Dao/MySql/UpdateMySqlDao.php">
        <class name="Seeren\Database\Dao\MySql\UpdateMySqlDao" namespace="Seeren\Database\Dao\MySql" fullPackage="Database.Dao" category="Seeren" package="Database" subpackage="Dao">
          <metrics complexity="10" methods="4" coveredmethods="4" conditionals="0" coveredconditionals="0" statements="21" coveredstatements="21" elements="25" coveredelements="25"/>
        </class>
        <line num="38" type="method" name="__construct" visibility="public" complexity="1" crap="1" count="7"/>
        <line num="40" type="stmt" count="7"/>
        <line num="41" type="stmt" count="7"/>
        <line num="49" type="method" name="getSyntax" visibility="protected" complexity="4" crap="4" count="1"/>
        <line num="51" type="stmt" count="1"/>
        <line num="52" type="stmt" count="1"/>
        <line num="53" type="stmt" count="1"/>
        <line num="54" type="stmt" count="1"/>
        <line num="55" type="stmt" count="1"/>
        <line num="56" type="stmt" count="1"/>
        <line num="59" type="stmt" count="1"/>
        <line num="60" type="stmt" count="1"/>
        <line num="61" type="stmt" count="1"/>
        <line num="70" type="method" name="execute" visibility="protected" complexity="3" crap="3" count="1"/>
        <line num="72" type="stmt" count="1"/>
        <line num="73" type="stmt" count="1"/>
        <line num="74" type="stmt" count="1"/>
        <line num="76" type="stmt" count="1"/>
        <line num="77" type="stmt" count="1"/>
        <line num="78" type="stmt" count="1"/>
        <line num="89" type="method" name="query" visibility="public" complexity="2" crap="2" count="2"/>
        <line num="93" type="stmt" count="2"/>
        <line num="94" type="stmt" count="1"/>
        <line num="95" type="stmt" count="1"/>
        <line num="97" type="stmt" count="1"/>
        <metrics loc="100" ncloc="55" classes="1" methods="4" coveredmethods="4" conditionals="0" coveredconditionals="0" statements="21" coveredstatements="21" elements="25" coveredelements="25"/>
      </file>
      <file name="C:\xampp\htdocs\dev-master.seeren\database\src/Dao/MySql/UseDbMySqlDao.php">
        <class name="Seeren\Database\Dao\MySql\UseDbMySqlDao" namespace="Seeren\Database\Dao\MySql" fullPackage="Database.Dao" category="Seeren" package="Database" subpackage="Dao">
          <metrics complexity="6" methods="4" coveredmethods="4" conditionals="0" coveredconditionals="0" statements="13" coveredstatements="13" elements="17" coveredelements="17"/>
        </class>
        <line num="40" type="method" name="__construct" visibility="public" complexity="1" crap="1" count="8"/>
        <line num="42" type="stmt" count="8"/>
        <line num="43" type="stmt" count="8"/>
        <line num="51" type="method" name="getSyntax" visibility="protected" complexity="1" crap="1" count="1"/>
        <line num="53" type="stmt" count="1"/>
        <line num="62" type="method" name="execute" visibility="protected" complexity="1" crap="1" count="1"/>
        <line num="64" type="stmt" count="1"/>
        <line num="65" type="stmt" count="1"/>
        <line num="66" type="stmt" count="1"/>
        <line num="77" type="method" name="query" visibility="public" complexity="3" crap="3" count="3"/>
        <line num="81" type="stmt" count="3"/>
        <line num="82" type="stmt" count="1"/>
        <line num="83" type="stmt" count="1"/>
        <line num="84" type="stmt" count="2"/>
        <line num="85" type="stmt" count="1"/>
        <line num="86" type="stmt" count="1"/>
        <line num="88" type="stmt" count="1"/>
        <metrics loc="91" ncloc="46" classes="1" methods="4" coveredmethods="4" conditionals="0" coveredconditionals="0" statements="13" coveredstatements="13" elements="17" coveredelements="17"/>
      </file>
    </package>
    <file name="C:\xampp\htdocs\dev-master.seeren\database\src/Dao/MySql/MySqlDaoInterface.php">
      <metrics loc="192" ncloc="53" classes="0" methods="0" coveredmethods="0" conditionals="0" coveredconditionals="0" statements="0" coveredstatements="0" elements="0" coveredelements="0"/>
    </file>
    <package name="Seeren\Database\Table">
      <file name="C:\xampp\htdocs\dev-master.seeren\database\src/Table/AbstractTable.php">
        <class name="Seeren\Database\Table\AbstractTable" namespace="Seeren\Database\Table" fullPackage="Database" category="Seeren" package="Database">
          <metrics complexity="18" methods="11" coveredmethods="11" conditionals="0" coveredconditionals="0" statements="36" coveredstatements="36" elements="47" coveredelements="47"/>
        </class>
        <line num="59" type="method" name="__construct" visibility="protected" complexity="1" crap="1" count="50"/>
        <line num="61" type="stmt" count="50"/>
        <line num="62" type="stmt" count="50"/>
        <line num="70" type="method" name="addColumn" visibility="protected" complexity="1" crap="1" count="50"/>
        <line num="72" type="stmt" count="50"/>
        <line num="73" type="stmt" count="50"/>
        <line num="81" type="method" name="addKey" visibility="protected" complexity="1" crap="1" count="50"/>
        <line num="83" type="stmt" count="50"/>
        <line num="84" type="stmt" count="50"/>
        <line num="96" type="method" name="__call" visibility="public" complexity="3" crap="3" count="6"/>
        <line num="98" type="stmt" count="6"/>
        <line num="99" type="stmt" count="2"/>
        <line num="100" type="stmt" count="2"/>
        <line num="101" type="stmt" count="2"/>
        <line num="104" type="stmt" count="4"/>
        <line num="105" type="stmt" count="2"/>
        <line num="106" type="stmt" count="2"/>
        <line num="107" type="stmt" count="2"/>
        <line num="108" type="stmt" count="2"/>
        <line num="109" type="stmt" count="2"/>
        <line num="119" type="method" name="__get" visibility="public" complexity="2" crap="2" count="14"/>
        <line num="121" type="stmt" count="14"/>
        <line num="122" type="stmt" count="12"/>
        <line num="123" type="stmt" count="14"/>
        <line num="133" type="method" name="__set" visibility="public" complexity="2" crap="2" count="19"/>
        <line num="135" type="stmt" count="19"/>
        <line num="136" type="stmt" count="17"/>
        <line num="138" type="stmt" count="19"/>
        <line num="146" type="method" name="get" visibility="public" complexity="4" crap="4" count="38"/>
        <line num="148" type="stmt" count="38"/>
        <line num="149" type="stmt" count="28"/>
        <line num="150" type="stmt" count="30"/>
        <line num="151" type="stmt" count="30"/>
        <line num="152" type="stmt" count="38"/>
        <line num="161" type="method" name="set" visibility="public" complexity="1" crap="1" count="8"/>
        <line num="163" type="stmt" count="8"/>
        <line num="164" type="stmt" count="8"/>
        <line num="165" type="stmt" count="8"/>
        <line num="173" type="method" name="addClause" visibility="public" complexity="1" crap="1" count="9"/>
        <line num="175" type="stmt" count="9"/>
        <line num="176" type="stmt" count="9"/>
        <line num="183" type="method" name="clear" visibility="public" complexity="1" crap="1" count="4"/>
        <line num="185" type="stmt" count="4"/>
        <line num="186" type="stmt" count="4"/>
        <line num="187" type="stmt" count="4"/>
        <line num="194" type="method" name="jsonSerialize" visibility="public" complexity="1" crap="1" count="2"/>
        <line num="196" type="stmt" count="2"/>
        <metrics loc="199" ncloc="100" classes="1" methods="11" coveredmethods="11" conditionals="0" coveredconditionals="0" statements="36" coveredstatements="36" elements="47" coveredelements="47"/>
      </file>
      <file name="C:\xampp\htdocs\dev-master.seeren\database\src/Table/MasterTable.php">
        <class name="Seeren\Database\Table\MasterTable" namespace="Seeren\Database\Table" fullPackage="Database" category="Seeren" package="Database">
          <metrics complexity="30" methods="10" coveredmethods="10" conditionals="0" coveredconditionals="0" statements="60" coveredstatements="60" elements="70" coveredelements="70"/>
        </class>
        <line num="46" type="method" name="__construct" visibility="protected" complexity="3" crap="3" count="20"/>
        <line num="48" type="stmt" count="20"/>
        <line num="49" type="stmt" count="20"/>
        <line num="50" type="stmt" count="20"/>
        <line num="51" type="stmt" count="20"/>
        <line num="52" type="stmt" count="20"/>
        <line num="55" type="stmt" count="20"/>
        <line num="66" type="method" name="__call" visibility="public" complexity="6" crap="6" count="3"/>
        <line num="68" type="stmt" count="3"/>
        <line num="69" type="stmt" count="2"/>
        <line num="72" type="stmt" count="3"/>
        <line num="73" type="stmt" count="1"/>
        <line num="74" type="stmt" count="1"/>
        <line num="76" type="stmt" count="1"/>
        <line num="77" type="stmt" count="1"/>
        <line num="78" type="stmt" count="2"/>
        <line num="79" type="stmt" count="1"/>
        <line num="80" type="stmt" count="1"/>
        <line num="81" type="stmt" count="1"/>
        <line num="82" type="stmt" count="1"/>
        <line num="84" type="stmt" count="1"/>
        <line num="85" type="stmt" count="1"/>
        <line num="86" type="stmt" count="1"/>
        <line num="98" type="method" name="select" visibility="public" complexity="3" crap="3" count="2"/>
        <line num="101" type="stmt" count="2"/>
        <line num="102" type="stmt" count="2"/>
        <line num="104" type="stmt" count="1"/>
        <line num="105" type="stmt" count="1"/>
        <line num="106" type="stmt" count="1"/>
        <line num="107" type="stmt" count="1"/>
        <line num="119" type="method" name="delete" visibility="public" complexity="3" crap="3" count="2"/>
        <line num="121" type="stmt" count="2"/>
        <line num="123" type="stmt" count="2"/>
        <line num="124" type="stmt" count="2"/>
        <line num="126" type="stmt" count="1"/>
        <line num="127" type="stmt" count="1"/>
        <line num="128" type="stmt" count="1"/>
        <line num="129" type="stmt" count="1"/>
        <line num="130" type="stmt" count="1"/>
        <line num="131" type="stmt" count="1"/>
        <line num="141" type="method" name="__get" visibility="public" complexity="4" crap="4" count="3"/>
        <line num="143" type="stmt" count="3"/>
        <line num="144" type="stmt" count="1"/>
        <line num="146" type="stmt" count="2"/>
        <line num="147" type="stmt" count="2"/>
        <line num="148" type="stmt" count="2"/>
        <line num="151" type="stmt" count="2"/>
        <line num="160" type="method" name="__set" visibility="public" complexity="2" crap="2" count="4"/>
        <line num="162" type="stmt" count="4"/>
        <line num="163" type="stmt" count="4"/>
        <line num="164" type="stmt" count="4"/>
        <line num="166" type="stmt" count="4"/>
        <line num="174" type="method" name="get" visibility="public" complexity="4" crap="4" count="11"/>
        <line num="176" type="stmt" count="11"/>
        <line num="177" type="stmt" count="9"/>
        <line num="178" type="stmt" count="4"/>
        <line num="179" type="stmt" count="2"/>
        <line num="180" type="stmt" count="11"/>
        <line num="189" type="method" name="addClause" visibility="public" complexity="2" crap="2" count="3"/>
        <line num="191" type="stmt" count="3"/>
        <line num="192" type="stmt" count="3"/>
        <line num="193" type="stmt" count="3"/>
        <line num="195" type="stmt" count="3"/>
        <line num="202" type="method" name="clear" visibility="public" complexity="2" crap="2" count="1"/>
        <line num="204" type="stmt" count="1"/>
        <line num="205" type="stmt" count="1"/>
        <line num="206" type="stmt" count="1"/>
        <line num="208" type="stmt" count="1"/>
        <line num="215" type="method" name="jsonSerialize" visibility="public" complexity="1" crap="1" count="1"/>
        <line num="217" type="stmt" count="1"/>
        <metrics loc="220" ncloc="132" classes="1" methods="10" coveredmethods="10" conditionals="0" coveredconditionals="0" statements="60" coveredstatements="60" elements="70" coveredelements="70"/>
      </file>
    </package>
    <package name="Seeren\Database\Table\Clause">
      <file name="C:\xampp\htdocs\dev-master.seeren\database\src/Table/Clause/Clause.php">
        <class name="Seeren\Database\Table\Clause\Clause" namespace="Seeren\Database\Table\Clause" fullPackage="Database.Table" category="Seeren" package="Database" subpackage="Table">
          <metrics complexity="8" methods="6" coveredmethods="6" conditionals="0" coveredconditionals="0" statements="13" coveredstatements="13" elements="19" coveredelements="19"/>
        </class>
        <line num="57" type="method" name="__construct" visibility="public" complexity="3" crap="3" count="18"/>
        <line num="63" type="stmt" count="18"/>
        <line num="64" type="stmt" count="18"/>
        <line num="65" type="stmt" count="18"/>
        <line num="66" type="stmt" count="13"/>
        <line num="67" type="stmt" count="9"/>
        <line num="68" type="stmt" count="18"/>
        <line num="69" type="stmt" count="18"/>
        <line num="76" type="method" name="getType" visibility="public" complexity="1" crap="1" count="5"/>
        <line num="78" type="stmt" count="5"/>
        <line num="86" type="method" name="getSubject" visibility="public" complexity="1" crap="1" count="5"/>
        <line num="88" type="stmt" count="5"/>
        <line num="96" type="method" name="getOperator" visibility="public" complexity="1" crap="1" count="5"/>
        <line num="98" type="stmt" count="5"/>
        <line num="106" type="method" name="getValue" visibility="public" complexity="1" crap="1" count="5"/>
        <line num="108" type="stmt" count="5"/>
        <line num="116" type="method" name="setValue" visibility="public" complexity="1" crap="1" count="1"/>
        <line num="118" type="stmt" count="1"/>
        <line num="119" type="stmt" count="1"/>
        <metrics loc="121" ncloc="56" classes="1" methods="6" coveredmethods="6" conditionals="0" coveredconditionals="0" statements="13" coveredstatements="13" elements="19" coveredelements="19"/>
      </file>
    </package>
    <file name="C:\xampp\htdocs\dev-master.seeren\database\src/Table/Clause/ClauseInterface.php">
      <metrics loc="129" ncloc="37" classes="0" methods="0" coveredmethods="0" conditionals="0" coveredconditionals="0" statements="0" coveredstatements="0" elements="0" coveredelements="0"/>
    </file>
    <package name="Seeren\Database\Table\Column">
      <file name="C:\xampp\htdocs\dev-master.seeren\database\src/Table/Column/AbstractColumn.php">
        <class name="Seeren\Database\Table\Column\AbstractColumn" namespace="Seeren\Database\Table\Column" fullPackage="Database.Table" category="Seeren" package="Database" subpackage="Table">
          <metrics complexity="10" methods="7" coveredmethods="7" conditionals="0" coveredconditionals="0" statements="14" coveredstatements="14" elements="21" coveredelements="21"/>
        </class>
        <line num="59" type="method" name="__construct" visibility="protected" complexity="4" crap="4" count="66"/>
        <line num="65" type="stmt" count="66"/>
        <line num="66" type="stmt" count="66"/>
        <line num="67" type="stmt" count="66"/>
        <line num="68" type="stmt" count="66"/>
        <line num="69" type="stmt" count="66"/>
        <line num="70" type="stmt" count="52"/>
        <line num="71" type="stmt" count="52"/>
        <line num="74" type="stmt" count="66"/>
        <line num="81" type="method" name="getName" visibility="public" complexity="1" crap="1" count="52"/>
        <line num="83" type="stmt" count="52"/>
        <line num="91" type="method" name="getValue" visibility="public" complexity="1" crap="1" count="20"/>
        <line num="93" type="stmt" count="20"/>
        <line num="101" type="method" name="getType" visibility="public" complexity="1" crap="1" count="6"/>
        <line num="103" type="stmt" count="6"/>
        <line num="111" type="method" name="getSize" visibility="public" complexity="1" crap="1" count="4"/>
        <line num="113" type="stmt" count="4"/>
        <line num="121" type="method" name="getOption" visibility="public" complexity="1" crap="1" count="6"/>
        <line num="123" type="stmt" count="6"/>
        <line num="131" type="method" name="jsonSerialize" visibility="public" complexity="1" crap="1" count="2"/>
        <line num="133" type="stmt" count="2"/>
        <metrics loc="136" ncloc="63" classes="1" methods="7" coveredmethods="7" conditionals="0" coveredconditionals="0" statements="14" coveredstatements="14" elements="21" coveredelements="21"/>
      </file>
      <file name="C:\xampp\htdocs\dev-master.seeren\database\src/Table/Column/IntegerColumn.php">
        <class name="Seeren\Database\Table\Column\IntegerColumn" namespace="Seeren\Database\Table\Column" fullPackage="Database.Table" category="Seeren" package="Database" subpackage="Table">
          <metrics complexity="4" methods="3" coveredmethods="3" conditionals="0" coveredconditionals="0" statements="7" coveredstatements="7" elements="10" coveredelements="10"/>
        </class>
        <line num="39" type="method" name="__construct" visibility="public" complexity="2" crap="2" count="28"/>
        <line num="45" type="stmt" count="28"/>
        <line num="46" type="stmt" count="28"/>
        <line num="47" type="stmt" count="1"/>
        <line num="49" type="stmt" count="28"/>
        <line num="57" type="method" name="setValue" visibility="public" complexity="1" crap="1" count="2"/>
        <line num="59" type="stmt" count="2"/>
        <line num="60" type="stmt" count="2"/>
        <line num="67" type="method" name="getParam" visibility="public" complexity="1" crap="1" count="1"/>
        <line num="69" type="stmt" count="1"/>
        <metrics loc="72" ncloc="33" classes="1" methods="3" coveredmethods="3" conditionals="0" coveredconditionals="0" statements="7" coveredstatements="7" elements="10" coveredelements="10"/>
      </file>
      <file name="C:\xampp\htdocs\dev-master.seeren\database\src/Table/Column/StringColumn.php">
        <class name="Seeren\Database\Table\Column\StringColumn" namespace="Seeren\Database\Table\Column" fullPackage="Database.Table" category="Seeren" package="Database" subpackage="Table">
          <metrics complexity="4" methods="3" coveredmethods="3" conditionals="0" coveredconditionals="0" statements="7" coveredstatements="7" elements="10" coveredelements="10"/>
        </class>
        <line num="38" type="method" name="__construct" visibility="public" complexity="2" crap="2" count="58"/>
        <line num="44" type="stmt" count="58"/>
        <line num="45" type="stmt" count="58"/>
        <line num="46" type="stmt" count="1"/>
        <line num="48" type="stmt" count="58"/>
        <line num="56" type="method" name="setValue" visibility="public" complexity="1" crap="1" count="17"/>
        <line num="58" type="stmt" count="17"/>
        <line num="59" type="stmt" count="17"/>
        <line num="66" type="method" name="getParam" visibility="public" complexity="1" crap="1" count="4"/>
        <line num="68" type="stmt" count="4"/>
        <metrics loc="71" ncloc="32" classes="1" methods="3" coveredmethods="3" conditionals="0" coveredconditionals="0" statements="7" coveredstatements="7" elements="10" coveredelements="10"/>
      </file>
    </package>
    <file name="C:\xampp\htdocs\dev-master.seeren\database\src/Table/Column/ColumnInterface.php">
      <metrics loc="114" ncloc="35" classes="0" methods="0" coveredmethods="0" conditionals="0" coveredconditionals="0" statements="0" coveredstatements="0" elements="0" coveredelements="0"/>
    </file>
    <file name="C:\xampp\htdocs\dev-master.seeren\database\src/Table/Column/IntegerColumnInterface.php">
      <metrics loc="51" ncloc="16" classes="0" methods="0" coveredmethods="0" conditionals="0" coveredconditionals="0" statements="0" coveredstatements="0" elements="0" coveredelements="0"/>
    </file>
    <file name="C:\xampp\htdocs\dev-master.seeren\database\src/Table/Column/StringColumnInterface.php">
      <metrics loc="55" ncloc="17" classes="0" methods="0" coveredmethods="0" conditionals="0" coveredconditionals="0" statements="0" coveredstatements="0" elements="0" coveredelements="0"/>
    </file>
    <package name="Seeren\Database\Table\Key">
      <file name="C:\xampp\htdocs\dev-master.seeren\database\src/Table/Key/Key.php">
        <class name="Seeren\Database\Table\Key\Key" namespace="Seeren\Database\Table\Key" fullPackage="Database.Table" category="Seeren" package="Database" subpackage="Table">
          <metrics complexity="6" methods="5" coveredmethods="5" conditionals="0" coveredconditionals="0" statements="9" coveredstatements="9" elements="14" coveredelements="14"/>
        </class>
        <line num="55" type="method" name="__construct" visibility="public" complexity="2" crap="2" count="57"/>
        <line num="62" type="stmt" count="57"/>
        <line num="63" type="stmt" count="57"/>
        <line num="64" type="stmt" count="57"/>
        <line num="65" type="stmt" count="57"/>
        <line num="66" type="stmt" count="57"/>
        <line num="73" type="method" name="getType" visibility="public" complexity="1" crap="1" count="4"/>
        <line num="75" type="stmt" count="4"/>
        <line num="83" type="method" name="getSubject" visibility="public" complexity="1" crap="1" count="3"/>
        <line num="85" type="stmt" count="3"/>
        <line num="93" type="method" name="getForeigner" visibility="public" complexity="1" crap="1" count="3"/>
        <line num="95" type="stmt" count="3"/>
        <line num="103" type="method" name="getForeignerSubject" visibility="public" complexity="1" crap="1" count="3"/>
        <line num="105" type="stmt" count="3"/>
        <metrics loc="108" ncloc="48" classes="1" methods="5" coveredmethods="5" conditionals="0" coveredconditionals="0" statements="9" coveredstatements="9" elements="14" coveredelements="14"/>
      </file>
    </package>
    <file name="C:\xampp\htdocs\dev-master.seeren\database\src/Table/Key/KeyInterface.php">
      <metrics loc="78" ncloc="24" classes="0" methods="0" coveredmethods="0" conditionals="0" coveredconditionals="0" statements="0" coveredstatements="0" elements="0" coveredelements="0"/>
    </file>
    <file name="C:\xampp\htdocs\dev-master.seeren\database\src/Table/TableInterface.php">
      <metrics loc="96" ncloc="30" classes="0" methods="0" coveredmethods="0" conditionals="0" coveredconditionals="0" statements="0" coveredstatements="0" elements="0" coveredelements="0"/>
    </file>
    <package name="Seeren\Database\Table\User">
      <file name="C:\xampp\htdocs\dev-master.seeren\database\src/Table/User/User.php">
        <class name="Seeren\Database\Table\User\User" namespace="Seeren\Database\Table\User" fullPackage="Database.Table" category="Seeren" package="Database" subpackage="Table">
          <metrics complexity="1" methods="1" coveredmethods="1" conditionals="0" coveredconditionals="0" statements="18" coveredstatements="18" elements="19" coveredelements="19"/>
        </class>
        <line num="43" type="method" name="__construct" visibility="public" complexity="1" crap="1" count="50"/>
        <line num="45" type="stmt" count="50"/>
        <line num="46" type="stmt" count="50"/>
        <line num="47" type="stmt" count="50"/>
        <line num="48" type="stmt" count="50"/>
        <line num="51" type="stmt" count="50"/>
        <line num="52" type="stmt" count="50"/>
        <line num="53" type="stmt" count="50"/>
        <line num="56" type="stmt" count="50"/>
        <line num="57" type="stmt" count="50"/>
        <line num="58" type="stmt" count="50"/>
        <line num="61" type="stmt" count="50"/>
        <line num="62" type="stmt" count="50"/>
        <line num="63" type="stmt" count="50"/>
        <line num="65" type="stmt" count="50"/>
        <line num="66" type="stmt" count="50"/>
        <line num="68" type="stmt" count="50"/>
        <line num="69" type="stmt" count="50"/>
        <line num="71" type="stmt" count="50"/>
        <metrics loc="73" ncloc="46" classes="1" methods="1" coveredmethods="1" conditionals="0" coveredconditionals="0" statements="18" coveredstatements="18" elements="19" coveredelements="19"/>
      </file>
    </package>
    <file name="C:\xampp\htdocs\dev-master.seeren\database\src/Table/User/UserInterface.php">
      <metrics loc="48" ncloc="17" classes="0" methods="0" coveredmethods="0" conditionals="0" coveredconditionals="0" statements="0" coveredstatements="0" elements="0" coveredelements="0"/>
    </file>
    <metrics files="33" loc="3476" ncloc="1607" classes="23" methods="108" coveredmethods="107" conditionals="0" coveredconditionals="0" statements="448" coveredstatements="446" elements="556" coveredelements="553"/>
  </project>
</coverage>
